
ASEM-51 V1.3                                         Copyright (c) 2002 by W.W. Heinz                                         PAGE 1





       MCS-51 Family Macro Assembler   A S E M - 5 1   V 1.3
       =====================================================



	Source File:	E:\papaw\semester 5\UTS P.SISMIK\hazard\hazard.asm
	Object File:	E:\papaw\semester 5\UTS P.SISMIK\hazard\hazard.hex
	List File:	E:\papaw\semester 5\UTS P.SISMIK\hazard\hazard.lst



 Line  I  Addr  Code            Source

    1:		N      0000	org 00h
    2:	  0000			start:
    3:	  0000	75 80 00	mov p0,#00000000B
    4:	  0003	11 0C		acall delay
    5:	  0005	75 80 01	mov p0,#00000001B
    6:	  0008	11 0C		acall delay
    7:	  000A	01 00		ajmp start
    8:
    9:
   10:	  000C	7F 00		delay: mov r7,#00h
   11:	  000E	7E 00		ulang2: mov r6,#00h
   12:	  0010	7D 00		ulang1: mov r5,#00h
   13:	  0012	0D		ulang: inc r5
   14:	  0013	BD 40 FC	cjne r5,#40h,ulang
   15:	  0016	0E		inc r6
   16:	  0017	BE 40 F6	cjne r6,#40h,ulang1
   17:	  001A	0F		inc r7
   18:	  001B	BF 40 F0	cjne r7,#40h,ulang2
   19:	  001E	22		ret
   20:				end





                     register banks used:  ---

                     no errors




ASEM-51 V1.3                                         Copyright (c) 2002 by W.W. Heinz                                         PAGE 2





	       L I S T   O F   S Y M B O L S
	       =============================


SYMBOL				  TYPE     VALUE	LINE
------------------------------------------------------------
??ASEM_51			  NUMBER    8051
??VERSION			  NUMBER    0130
AC				  BIT	      D6
ACC				  DATA	      E0
B				  DATA	      F0
CY				  BIT	      D7
DELAY				  CODE	    000C	  10
DPH				  DATA	      83
DPL				  DATA	      82
EA				  BIT	      AF
ES				  BIT	      AC
ET0				  BIT	      A9
ET1				  BIT	      AB
EX0				  BIT	      A8
EX1				  BIT	      AA
EXTI0				  CODE	    0003
EXTI1				  CODE	    0013
F0				  BIT	      D5
IE				  DATA	      A8
IE0				  BIT	      89
IE1				  BIT	      8B
INT0				  BIT	      B2
INT1				  BIT	      B3
IP				  DATA	      B8
IT0				  BIT	      88
IT1				  BIT	      8A
OV				  BIT	      D2
P				  BIT	      D0
P0				  DATA	      80
P1				  DATA	      90
P2				  DATA	      A0
P3				  DATA	      B0
PCON				  DATA	      87
PS				  BIT	      BC
PSW				  DATA	      D0
PT0				  BIT	      B9
PT1				  BIT	      BB
PX0				  BIT	      B8
PX1				  BIT	      BA
RB8				  BIT	      9A
RD				  BIT	      B7
REN				  BIT	      9C
RESET				  CODE	    0000
RI				  BIT	      98
RS0				  BIT	      D3
RS1				  BIT	      D4
RXD				  BIT	      B0
SBUF				  DATA	      99
SCON				  DATA	      98
SINT				  CODE	    0023

ASEM-51 V1.3                                         Copyright (c) 2002 by W.W. Heinz                                         PAGE 3



SYMBOL				  TYPE     VALUE	LINE
------------------------------------------------------------
SM0				  BIT	      9F
SM1				  BIT	      9E
SM2				  BIT	      9D
SP				  DATA	      81
START				  CODE	    0000	   2
T0				  BIT	      B4
T1				  BIT	      B5
TB8				  BIT	      9B
TCON				  DATA	      88
TF0				  BIT	      8D
TF1				  BIT	      8F
TH0				  DATA	      8C
TH1				  DATA	      8D
TI				  BIT	      99
TIMER0				  CODE	    000B
TIMER1				  CODE	    001B
TL0				  DATA	      8A
TL1				  DATA	      8B
TMOD				  DATA	      89
TR0				  BIT	      8C
TR1				  BIT	      8E
TXD				  BIT	      B1
ULANG				  CODE	    0012	  13
ULANG1				  CODE	    0010	  12
ULANG2				  CODE	    000E	  11
WR				  BIT	      B6
